0 info it worked if it ends with ok
1 verbose cli [ '/usr/local/Cellar/node/5.0.0/bin/node',
1 verbose cli   '/usr/local/bin/npm',
1 verbose cli   'run',
1 verbose cli   'build' ]
2 info using npm@3.3.9
3 info using node@v5.0.0
4 verbose run-script [ 'prebuild', 'build', 'postbuild' ]
5 info lifecycle redux-simple-starter@1.0.0~prebuild: redux-simple-starter@1.0.0
6 verbose lifecycle redux-simple-starter@1.0.0~prebuild: unsafe-perm in lifecycle true
7 verbose lifecycle redux-simple-starter@1.0.0~prebuild: PATH: /usr/local/lib/node_modules/npm/bin/node-gyp-bin:/Users/Scott/workspace/react_redux/reduxWeatherProject/node_modules/.bin:/Users/Scott/.rvm/gems/ruby-2.2.1/bin:/Users/Scott/.rvm/gems/ruby-2.2.1@global/bin:/Users/Scott/.rvm/rubies/ruby-2.2.1/bin:/usr/local/bin:/usr/bin:/bin:/usr/sbin:/sbin:/Users/Scott/.rvm/bin
8 verbose lifecycle redux-simple-starter@1.0.0~prebuild: CWD: /Users/Scott/workspace/react_redux/reduxWeatherProject
9 silly lifecycle redux-simple-starter@1.0.0~prebuild: Args: [ '-c', 'npm-run-all clean-public lint build:html' ]
10 info lifecycle redux-simple-starter@1.0.0~prebuild: Failed to exec prebuild script
11 verbose stack Error: redux-simple-starter@1.0.0 prebuild: `npm-run-all clean-public lint build:html`
11 verbose stack spawn ENOENT
11 verbose stack     at ChildProcess.<anonymous> (/usr/local/lib/node_modules/npm/lib/utils/spawn.js:17:16)
11 verbose stack     at emitTwo (events.js:87:13)
11 verbose stack     at ChildProcess.emit (events.js:172:7)
11 verbose stack     at maybeClose (internal/child_process.js:818:16)
11 verbose stack     at Process.ChildProcess._handle.onexit (internal/child_process.js:211:5)
12 verbose pkgid redux-simple-starter@1.0.0
13 verbose cwd /Users/Scott/workspace/react_redux/reduxWeatherProject
14 error Darwin 16.3.0
15 error argv "/usr/local/Cellar/node/5.0.0/bin/node" "/usr/local/bin/npm" "run" "build"
16 error node v5.0.0
17 error npm  v3.3.9
18 error file sh
19 error code ELIFECYCLE
20 error errno ENOENT
21 error syscall spawn
22 error redux-simple-starter@1.0.0 prebuild: `npm-run-all clean-public lint build:html`
22 error spawn ENOENT
23 error Failed at the redux-simple-starter@1.0.0 prebuild script 'npm-run-all clean-public lint build:html'.
23 error This is most likely a problem with the redux-simple-starter package,
23 error not with npm itself.
23 error Tell the author that this fails on your system:
23 error     npm-run-all clean-public lint build:html
23 error You can get their info via:
23 error     npm owner ls redux-simple-starter
23 error There is likely additional logging output above.
24 verbose exit [ 1, true ]
